{"D:\\_INSTITUTO SAN SEBASTIAN\\6to Trimestre\\Aplicaciones Moviles\\ex\\controlador\\ControladorDetalle.ts": {"path":"D:\\_INSTITUTO SAN SEBASTIAN\\6to Trimestre\\Aplicaciones Moviles\\ex\\controlador\\ControladorDetalle.ts","statementMap":{"0":{"start":{"line":13,"column":2},"end":{"line":13,"column":23}},"1":{"start":{"line":23,"column":2},"end":{"line":25,"column":3}},"2":{"start":{"line":24,"column":4},"end":{"line":24,"column":30}},"3":{"start":{"line":26,"column":2},"end":{"line":26,"column":65}}},"fnMap":{"0":{"name":"cargarAvistamientoPorId","decl":{"start":{"line":12,"column":22},"end":{"line":12,"column":45}},"loc":{"start":{"line":12,"column":93},"end":{"line":14,"column":1}},"line":12},"1":{"name":"resolverLugar","decl":{"start":{"line":22,"column":22},"end":{"line":22,"column":35}},"loc":{"start":{"line":22,"column":93},"end":{"line":27,"column":1}},"line":22}},"branchMap":{"0":{"loc":{"start":{"line":23,"column":2},"end":{"line":25,"column":3}},"type":"if","locations":[{"start":{"line":23,"column":2},"end":{"line":25,"column":3}},{"start":{},"end":{}}],"line":23}},"s":{"0":2,"1":3,"2":1,"3":2},"f":{"0":2,"1":3},"b":{"0":[1,2]},"_coverageSchema":"1a1c01bbd47fc00a2c39e90264f33305004495a9","hash":"da70b0f4668f99a3d0b440120b54dc68960f4700"}
,"D:\\_INSTITUTO SAN SEBASTIAN\\6to Trimestre\\Aplicaciones Moviles\\ex\\controlador\\ControladorListado.ts": {"path":"D:\\_INSTITUTO SAN SEBASTIAN\\6to Trimestre\\Aplicaciones Moviles\\ex\\controlador\\ControladorListado.ts","statementMap":{"0":{"start":{"line":11,"column":16},"end":{"line":11,"column":42}},"1":{"start":{"line":12,"column":2},"end":{"line":12,"column":84}},"2":{"start":{"line":12,"column":23},"end":{"line":12,"column":82}},"3":{"start":{"line":13,"column":2},"end":{"line":13,"column":15}},"4":{"start":{"line":21,"column":19},"end":{"line":21,"column":51}},"5":{"start":{"line":22,"column":2},"end":{"line":24,"column":3}},"6":{"start":{"line":23,"column":4},"end":{"line":23,"column":17}},"7":{"start":{"line":25,"column":2},"end":{"line":25,"column":100}},"8":{"start":{"line":25,"column":40},"end":{"line":25,"column":98}},"9":{"start":{"line":30,"column":13},"end":{"line":30,"column":28}},"10":{"start":{"line":31,"column":2},"end":{"line":31,"column":35}}},"fnMap":{"0":{"name":"cargarAvistamientos","decl":{"start":{"line":10,"column":22},"end":{"line":10,"column":41}},"loc":{"start":{"line":10,"column":69},"end":{"line":14,"column":1}},"line":10},"1":{"name":"(anonymous_1)","decl":{"start":{"line":12,"column":13},"end":{"line":12,"column":14}},"loc":{"start":{"line":12,"column":23},"end":{"line":12,"column":82}},"line":12},"2":{"name":"filtrarPorNombre","decl":{"start":{"line":20,"column":16},"end":{"line":20,"column":32}},"loc":{"start":{"line":20,"column":87},"end":{"line":26,"column":1}},"line":20},"3":{"name":"(anonymous_3)","decl":{"start":{"line":25,"column":22},"end":{"line":25,"column":23}},"loc":{"start":{"line":25,"column":40},"end":{"line":25,"column":98}},"line":25},"4":{"name":"fechaEnMilisegundos","decl":{"start":{"line":29,"column":9},"end":{"line":29,"column":28}},"loc":{"start":{"line":29,"column":50},"end":{"line":32,"column":1}},"line":29}},"branchMap":{"0":{"loc":{"start":{"line":22,"column":2},"end":{"line":24,"column":3}},"type":"if","locations":[{"start":{"line":22,"column":2},"end":{"line":24,"column":3}},{"start":{},"end":{}}],"line":22},"1":{"loc":{"start":{"line":31,"column":9},"end":{"line":31,"column":34}},"type":"cond-expr","locations":[{"start":{"line":31,"column":28},"end":{"line":31,"column":29}},{"start":{"line":31,"column":32},"end":{"line":31,"column":34}}],"line":31}},"s":{"0":3,"1":3,"2":5,"3":3,"4":7,"5":7,"6":2,"7":5,"8":10,"9":10,"10":10},"f":{"0":3,"1":5,"2":7,"3":10,"4":10},"b":{"0":[2,5],"1":[1,9]},"_coverageSchema":"1a1c01bbd47fc00a2c39e90264f33305004495a9","hash":"f235aff3362ed41c1df7ab6093dab6b6f0b98bf1"}
,"D:\\_INSTITUTO SAN SEBASTIAN\\6to Trimestre\\Aplicaciones Moviles\\ex\\controlador\\ControladorRegistro.ts": {"path":"D:\\_INSTITUTO SAN SEBASTIAN\\6to Trimestre\\Aplicaciones Moviles\\ex\\controlador\\ControladorRegistro.ts","statementMap":{"0":{"start":{"line":23,"column":18},"end":{"line":23,"column":47}},"1":{"start":{"line":24,"column":2},"end":{"line":26,"column":3}},"2":{"start":{"line":25,"column":4},"end":{"line":25,"column":34}},"3":{"start":{"line":29,"column":37},"end":{"line":41,"column":3}},"4":{"start":{"line":43,"column":2},"end":{"line":51,"column":3}},"5":{"start":{"line":44,"column":4},"end":{"line":44,"column":45}},"6":{"start":{"line":45,"column":4},"end":{"line":45,"column":38}},"7":{"start":{"line":47,"column":4},"end":{"line":50,"column":6}}},"fnMap":{"0":{"name":"guardarRegistro","decl":{"start":{"line":22,"column":22},"end":{"line":22,"column":37}},"loc":{"start":{"line":22,"column":98},"end":{"line":52,"column":1}},"line":22}},"branchMap":{"0":{"loc":{"start":{"line":24,"column":2},"end":{"line":26,"column":3}},"type":"if","locations":[{"start":{"line":24,"column":2},"end":{"line":26,"column":3}},{"start":{},"end":{}}],"line":24},"1":{"loc":{"start":{"line":38,"column":8},"end":{"line":38,"column":70}},"type":"cond-expr","locations":[{"start":{"line":38,"column":33},"end":{"line":38,"column":65}},{"start":{"line":38,"column":68},"end":{"line":38,"column":70}}],"line":38},"2":{"loc":{"start":{"line":40,"column":8},"end":{"line":40,"column":55}},"type":"cond-expr","locations":[{"start":{"line":40,"column":25},"end":{"line":40,"column":50}},{"start":{"line":40,"column":53},"end":{"line":40,"column":55}}],"line":40}},"s":{"0":5,"1":5,"2":1,"3":4,"4":4,"5":4,"6":3,"7":1},"f":{"0":5},"b":{"0":[1,4],"1":[3,1],"2":[1,3]},"_coverageSchema":"1a1c01bbd47fc00a2c39e90264f33305004495a9","hash":"dcd267ef1aa6ecd7ad443c571d559516faa79051"}
,"D:\\_INSTITUTO SAN SEBASTIAN\\6to Trimestre\\Aplicaciones Moviles\\ex\\controlador\\camara.ts": {"path":"D:\\_INSTITUTO SAN SEBASTIAN\\6to Trimestre\\Aplicaciones Moviles\\ex\\controlador\\camara.ts","statementMap":{"0":{"start":{"line":12,"column":2},"end":{"line":13,"column":71}},"1":{"start":{"line":20,"column":17},"end":{"line":20,"column":57}},"2":{"start":{"line":21,"column":2},"end":{"line":23,"column":3}},"3":{"start":{"line":22,"column":4},"end":{"line":22,"column":11}},"4":{"start":{"line":24,"column":20},"end":{"line":24,"column":64}},"5":{"start":{"line":25,"column":2},"end":{"line":27,"column":3}},"6":{"start":{"line":26,"column":4},"end":{"line":26,"column":41}},"7":{"start":{"line":35,"column":2},"end":{"line":35,"column":50}}},"fnMap":{"0":{"name":"garantizarAccesoCamara","decl":{"start":{"line":19,"column":22},"end":{"line":19,"column":44}},"loc":{"start":{"line":19,"column":62},"end":{"line":28,"column":1}},"line":19},"1":{"name":"tomarFoto","decl":{"start":{"line":34,"column":22},"end":{"line":34,"column":31}},"loc":{"start":{"line":34,"column":83},"end":{"line":36,"column":1}},"line":34}},"branchMap":{"0":{"loc":{"start":{"line":21,"column":2},"end":{"line":23,"column":3}},"type":"if","locations":[{"start":{"line":21,"column":2},"end":{"line":23,"column":3}},{"start":{},"end":{}}],"line":21},"1":{"loc":{"start":{"line":25,"column":2},"end":{"line":27,"column":3}},"type":"if","locations":[{"start":{"line":25,"column":2},"end":{"line":27,"column":3}},{"start":{},"end":{}}],"line":25}},"s":{"0":1,"1":3,"2":3,"3":1,"4":2,"5":2,"6":1,"7":1},"f":{"0":3,"1":1},"b":{"0":[1,2],"1":[1,1]},"_coverageSchema":"1a1c01bbd47fc00a2c39e90264f33305004495a9","hash":"1880b8c743c76d26a77ae083d74b3b55834ad7f3"}
,"D:\\_INSTITUTO SAN SEBASTIAN\\6to Trimestre\\Aplicaciones Moviles\\ex\\controlador\\ubicacion.ts": {"path":"D:\\_INSTITUTO SAN SEBASTIAN\\6to Trimestre\\Aplicaciones Moviles\\ex\\controlador\\ubicacion.ts","statementMap":{"0":{"start":{"line":14,"column":29},"end":{"line":14,"column":35}},"1":{"start":{"line":16,"column":35},"end":{"line":16,"column":40}},"2":{"start":{"line":24,"column":24},"end":{"line":24,"column":70}},"3":{"start":{"line":25,"column":2},"end":{"line":33,"column":3}},"4":{"start":{"line":26,"column":22},"end":{"line":26,"column":72}},"5":{"start":{"line":27,"column":4},"end":{"line":32,"column":5}},"6":{"start":{"line":28,"column":6},"end":{"line":31,"column":8}},"7":{"start":{"line":35,"column":19},"end":{"line":38,"column":3}},"8":{"start":{"line":39,"column":2},"end":{"line":39,"column":75}},"9":{"start":{"line":48,"column":2},"end":{"line":53,"column":5}},"10":{"start":{"line":51,"column":6},"end":{"line":51,"column":91}},"11":{"start":{"line":51,"column":23},"end":{"line":51,"column":75}},"12":{"start":{"line":66,"column":2},"end":{"line":78,"column":3}},"13":{"start":{"line":67,"column":26},"end":{"line":67,"column":72}},"14":{"start":{"line":68,"column":4},"end":{"line":70,"column":5}},"15":{"start":{"line":69,"column":6},"end":{"line":69,"column":23}},"16":{"start":{"line":71,"column":24},"end":{"line":74,"column":5}},"17":{"start":{"line":75,"column":4},"end":{"line":75,"column":46}},"18":{"start":{"line":77,"column":4},"end":{"line":77,"column":21}},"19":{"start":{"line":87,"column":2},"end":{"line":89,"column":3}},"20":{"start":{"line":88,"column":4},"end":{"line":88,"column":21}},"21":{"start":{"line":90,"column":2},"end":{"line":92,"column":3}},"22":{"start":{"line":91,"column":4},"end":{"line":91,"column":38}},"23":{"start":{"line":93,"column":16},"end":{"line":93,"column":84}},"24":{"start":{"line":94,"column":17},"end":{"line":101,"column":54}},"25":{"start":{"line":101,"column":39},"end":{"line":101,"column":53}},"26":{"start":{"line":102,"column":2},"end":{"line":102,"column":59}}},"fnMap":{"0":{"name":"capturarCoordenadas","decl":{"start":{"line":23,"column":22},"end":{"line":23,"column":41}},"loc":{"start":{"line":23,"column":66},"end":{"line":40,"column":1}},"line":23},"1":{"name":"conTiempoMaximo","decl":{"start":{"line":47,"column":22},"end":{"line":47,"column":37}},"loc":{"start":{"line":47,"column":96},"end":{"line":54,"column":1}},"line":47},"2":{"name":"(anonymous_2)","decl":{"start":{"line":50,"column":23},"end":{"line":50,"column":24}},"loc":{"start":{"line":50,"column":40},"end":{"line":52,"column":5}},"line":50},"3":{"name":"(anonymous_3)","decl":{"start":{"line":51,"column":17},"end":{"line":51,"column":18}},"loc":{"start":{"line":51,"column":23},"end":{"line":51,"column":75}},"line":51},"4":{"name":"obtenerLugarLegible","decl":{"start":{"line":65,"column":22},"end":{"line":65,"column":41}},"loc":{"start":{"line":65,"column":97},"end":{"line":79,"column":1}},"line":65},"5":{"name":"formatearDireccion","decl":{"start":{"line":86,"column":9},"end":{"line":86,"column":27}},"loc":{"start":{"line":86,"column":94},"end":{"line":103,"column":1}},"line":86},"6":{"name":"(anonymous_6)","decl":{"start":{"line":101,"column":11},"end":{"line":101,"column":12}},"loc":{"start":{"line":101,"column":39},"end":{"line":101,"column":53}},"line":101}},"branchMap":{"0":{"loc":{"start":{"line":25,"column":2},"end":{"line":33,"column":3}},"type":"if","locations":[{"start":{"line":25,"column":2},"end":{"line":33,"column":3}},{"start":{},"end":{}}],"line":25},"1":{"loc":{"start":{"line":27,"column":4},"end":{"line":32,"column":5}},"type":"if","locations":[{"start":{"line":27,"column":4},"end":{"line":32,"column":5}},{"start":{},"end":{}}],"line":27},"2":{"loc":{"start":{"line":68,"column":4},"end":{"line":70,"column":5}},"type":"if","locations":[{"start":{"line":68,"column":4},"end":{"line":70,"column":5}},{"start":{},"end":{}}],"line":68},"3":{"loc":{"start":{"line":87,"column":2},"end":{"line":89,"column":3}},"type":"if","locations":[{"start":{"line":87,"column":2},"end":{"line":89,"column":3}},{"start":{},"end":{}}],"line":87},"4":{"loc":{"start":{"line":90,"column":2},"end":{"line":92,"column":3}},"type":"if","locations":[{"start":{"line":90,"column":2},"end":{"line":92,"column":3}},{"start":{},"end":{}}],"line":90},"5":{"loc":{"start":{"line":102,"column":9},"end":{"line":102,"column":58}},"type":"cond-expr","locations":[{"start":{"line":102,"column":29},"end":{"line":102,"column":46}},{"start":{"line":102,"column":49},"end":{"line":102,"column":58}}],"line":102}},"s":{"0":1,"1":1,"2":4,"3":4,"4":2,"5":2,"6":1,"7":3,"8":2,"9":10,"10":10,"11":2,"12":6,"13":6,"14":6,"15":1,"16":5,"17":3,"18":2,"19":3,"20":1,"21":2,"22":1,"23":1,"24":1,"25":6,"26":1},"f":{"0":4,"1":10,"2":10,"3":2,"4":6,"5":3,"6":6},"b":{"0":[2,2],"1":[1,1],"2":[1,5],"3":[1,2],"4":[1,1],"5":[1,0]},"_coverageSchema":"1a1c01bbd47fc00a2c39e90264f33305004495a9","hash":"143965f56f8dd4c2a6fbe01f169ef9c4f9abd5f2"}
,"D:\\_INSTITUTO SAN SEBASTIAN\\6to Trimestre\\Aplicaciones Moviles\\ex\\modelo\\Avistamiento.ts": {"path":"D:\\_INSTITUTO SAN SEBASTIAN\\6to Trimestre\\Aplicaciones Moviles\\ex\\modelo\\Avistamiento.ts","statementMap":{"0":{"start":{"line":56,"column":2},"end":{"line":56,"column":34}},"1":{"start":{"line":60,"column":2},"end":{"line":60,"column":74}}},"fnMap":{"0":{"name":"nuevaFechaLocal","decl":{"start":{"line":55,"column":16},"end":{"line":55,"column":31}},"loc":{"start":{"line":55,"column":42},"end":{"line":57,"column":1}},"line":55},"1":{"name":"nuevaId","decl":{"start":{"line":59,"column":16},"end":{"line":59,"column":23}},"loc":{"start":{"line":59,"column":34},"end":{"line":61,"column":1}},"line":59}},"branchMap":{},"s":{"0":5,"1":204},"f":{"0":5,"1":204},"b":{},"_coverageSchema":"1a1c01bbd47fc00a2c39e90264f33305004495a9","hash":"b6521b32a777343c202bfe6e682e4e610954cd0e"}
,"D:\\_INSTITUTO SAN SEBASTIAN\\6to Trimestre\\Aplicaciones Moviles\\ex\\modelo\\ClimaApi.ts": {"path":"D:\\_INSTITUTO SAN SEBASTIAN\\6to Trimestre\\Aplicaciones Moviles\\ex\\modelo\\ClimaApi.ts","statementMap":{"0":{"start":{"line":19,"column":16},"end":{"line":19,"column":56}},"1":{"start":{"line":20,"column":25},"end":{"line":20,"column":30}},"2":{"start":{"line":21,"column":19},"end":{"line":21,"column":20}},"3":{"start":{"line":22,"column":21},"end":{"line":22,"column":32}},"4":{"start":{"line":23,"column":22},"end":{"line":23,"column":39}},"5":{"start":{"line":35,"column":2},"end":{"line":35,"column":64}},"6":{"start":{"line":40,"column":2},"end":{"line":50,"column":3}},"7":{"start":{"line":41,"column":22},"end":{"line":41,"column":55}},"8":{"start":{"line":42,"column":4},"end":{"line":44,"column":5}},"9":{"start":{"line":43,"column":6},"end":{"line":43,"column":18}},"10":{"start":{"line":45,"column":25},"end":{"line":45,"column":46}},"11":{"start":{"line":46,"column":21},"end":{"line":46,"column":79}},"12":{"start":{"line":47,"column":4},"end":{"line":47,"column":35}},"13":{"start":{"line":49,"column":4},"end":{"line":49,"column":16}},"14":{"start":{"line":59,"column":17},"end":{"line":59,"column":31}},"15":{"start":{"line":60,"column":2},"end":{"line":67,"column":3}},"16":{"start":{"line":66,"column":4},"end":{"line":66,"column":16}},"17":{"start":{"line":68,"column":31},"end":{"line":68,"column":69}},"18":{"start":{"line":69,"column":2},"end":{"line":76,"column":4}},"19":{"start":{"line":85,"column":22},"end":{"line":85,"column":43}},"20":{"start":{"line":86,"column":23},"end":{"line":86,"column":78}},"21":{"start":{"line":86,"column":40},"end":{"line":86,"column":59}},"22":{"start":{"line":88,"column":4},"end":{"line":89,"column":63}},"23":{"start":{"line":90,"column":2},"end":{"line":101,"column":3}},"24":{"start":{"line":91,"column":22},"end":{"line":91,"column":70}},"25":{"start":{"line":92,"column":4},"end":{"line":94,"column":5}},"26":{"start":{"line":93,"column":6},"end":{"line":93,"column":18}},"27":{"start":{"line":95,"column":18},"end":{"line":95,"column":64}},"28":{"start":{"line":96,"column":4},"end":{"line":96,"column":33}},"29":{"start":{"line":98,"column":4},"end":{"line":98,"column":16}},"30":{"start":{"line":100,"column":4},"end":{"line":100,"column":31}},"31":{"start":{"line":110,"column":16},"end":{"line":110,"column":64}},"32":{"start":{"line":112,"column":18},"end":{"line":112,"column":40}},"33":{"start":{"line":113,"column":2},"end":{"line":115,"column":3}},"34":{"start":{"line":114,"column":4},"end":{"line":114,"column":19}},"35":{"start":{"line":117,"column":2},"end":{"line":127,"column":3}},"36":{"start":{"line":117,"column":21},"end":{"line":117,"column":22}},"37":{"start":{"line":118,"column":18},"end":{"line":118,"column":69}},"38":{"start":{"line":119,"column":4},"end":{"line":126,"column":5}},"39":{"start":{"line":120,"column":6},"end":{"line":124,"column":7}},"40":{"start":{"line":121,"column":8},"end":{"line":121,"column":65}},"41":{"start":{"line":125,"column":6},"end":{"line":125,"column":19}},"42":{"start":{"line":128,"column":2},"end":{"line":128,"column":14}}},"fnMap":{"0":{"name":"claveUbicacion","decl":{"start":{"line":34,"column":9},"end":{"line":34,"column":23}},"loc":{"start":{"line":34,"column":58},"end":{"line":36,"column":1}},"line":34},"1":{"name":"leerCache","decl":{"start":{"line":39,"column":15},"end":{"line":39,"column":24}},"loc":{"start":{"line":39,"column":63},"end":{"line":51,"column":1}},"line":39},"2":{"name":"construirClima","decl":{"start":{"line":58,"column":16},"end":{"line":58,"column":30}},"loc":{"start":{"line":58,"column":72},"end":{"line":77,"column":1}},"line":58},"3":{"name":"pedirALaApi","decl":{"start":{"line":84,"column":15},"end":{"line":84,"column":26}},"loc":{"start":{"line":84,"column":76},"end":{"line":102,"column":1}},"line":84},"4":{"name":"(anonymous_4)","decl":{"start":{"line":86,"column":34},"end":{"line":86,"column":35}},"loc":{"start":{"line":86,"column":40},"end":{"line":86,"column":59}},"line":86},"5":{"name":"consultarClima","decl":{"start":{"line":109,"column":22},"end":{"line":109,"column":36}},"loc":{"start":{"line":109,"column":103},"end":{"line":129,"column":1}},"line":109}},"branchMap":{"0":{"loc":{"start":{"line":42,"column":4},"end":{"line":44,"column":5}},"type":"if","locations":[{"start":{"line":42,"column":4},"end":{"line":44,"column":5}},{"start":{},"end":{}}],"line":42},"1":{"loc":{"start":{"line":47,"column":11},"end":{"line":47,"column":34}},"type":"cond-expr","locations":[{"start":{"line":47,"column":22},"end":{"line":47,"column":26}},{"start":{"line":47,"column":29},"end":{"line":47,"column":34}}],"line":47},"2":{"loc":{"start":{"line":60,"column":2},"end":{"line":67,"column":3}},"type":"if","locations":[{"start":{"line":60,"column":2},"end":{"line":67,"column":3}},{"start":{},"end":{}}],"line":60},"3":{"loc":{"start":{"line":61,"column":4},"end":{"line":64,"column":43}},"type":"binary-expr","locations":[{"start":{"line":61,"column":4},"end":{"line":61,"column":11}},{"start":{"line":62,"column":4},"end":{"line":62,"column":45}},{"start":{"line":63,"column":4},"end":{"line":63,"column":51}},{"start":{"line":64,"column":4},"end":{"line":64,"column":43}}],"line":61},"4":{"loc":{"start":{"line":92,"column":4},"end":{"line":94,"column":5}},"type":"if","locations":[{"start":{"line":92,"column":4},"end":{"line":94,"column":5}},{"start":{},"end":{}}],"line":92},"5":{"loc":{"start":{"line":113,"column":2},"end":{"line":115,"column":3}},"type":"if","locations":[{"start":{"line":113,"column":2},"end":{"line":115,"column":3}},{"start":{},"end":{}}],"line":113},"6":{"loc":{"start":{"line":119,"column":4},"end":{"line":126,"column":5}},"type":"if","locations":[{"start":{"line":119,"column":4},"end":{"line":126,"column":5}},{"start":{},"end":{}}],"line":119}},"s":{"0":2,"1":2,"2":2,"3":2,"4":2,"5":8,"6":8,"7":8,"8":7,"9":5,"10":2,"11":2,"12":2,"13":1,"14":14,"15":14,"16":9,"17":5,"18":5,"19":10,"20":10,"21":0,"22":10,"23":10,"24":10,"25":8,"26":2,"27":6,"28":6,"29":2,"30":10,"31":8,"32":8,"33":8,"34":1,"35":7,"36":7,"37":10,"38":10,"39":4,"40":4,"41":4,"42":3},"f":{"0":8,"1":8,"2":14,"3":10,"4":0,"5":8},"b":{"0":[5,2],"1":[1,1],"2":[9,5],"3":[14,11,7,6],"4":[2,6],"5":[1,7],"6":[4,6]},"_coverageSchema":"1a1c01bbd47fc00a2c39e90264f33305004495a9","hash":"7541555b0c2a068fb1d88c15f69d7bc06e4c97b1"}
,"D:\\_INSTITUTO SAN SEBASTIAN\\6to Trimestre\\Aplicaciones Moviles\\ex\\modelo\\RepositoryAvistamientos.ts": {"path":"D:\\_INSTITUTO SAN SEBASTIAN\\6to Trimestre\\Aplicaciones Moviles\\ex\\modelo\\RepositoryAvistamientos.ts","statementMap":{"0":{"start":{"line":16,"column":20},"end":{"line":16,"column":41}},"1":{"start":{"line":17,"column":22},"end":{"line":17,"column":39}},"2":{"start":{"line":20,"column":20},"end":{"line":20,"column":59}},"3":{"start":{"line":21,"column":2},"end":{"line":23,"column":3}},"4":{"start":{"line":22,"column":4},"end":{"line":22,"column":14}},"5":{"start":{"line":24,"column":2},"end":{"line":29,"column":3}},"6":{"start":{"line":25,"column":18},"end":{"line":25,"column":39}},"7":{"start":{"line":26,"column":4},"end":{"line":26,"column":45}},"8":{"start":{"line":28,"column":4},"end":{"line":28,"column":14}},"9":{"start":{"line":35,"column":2},"end":{"line":37,"column":3}},"10":{"start":{"line":36,"column":4},"end":{"line":36,"column":11}},"11":{"start":{"line":39,"column":18},"end":{"line":39,"column":62}},"12":{"start":{"line":40,"column":2},"end":{"line":40,"column":60}},"13":{"start":{"line":42,"column":17},"end":{"line":42,"column":47}},"14":{"start":{"line":43,"column":20},"end":{"line":43,"column":46}},"15":{"start":{"line":44,"column":18},"end":{"line":44,"column":69}},"16":{"start":{"line":46,"column":2},"end":{"line":46,"column":50}},"17":{"start":{"line":47,"column":2},"end":{"line":47,"column":37}},"18":{"start":{"line":55,"column":2},"end":{"line":55,"column":51}},"19":{"start":{"line":57,"column":16},"end":{"line":57,"column":33}},"20":{"start":{"line":58,"column":2},"end":{"line":58,"column":27}},"21":{"start":{"line":59,"column":2},"end":{"line":59,"column":65}},"22":{"start":{"line":68,"column":2},"end":{"line":68,"column":21}},"23":{"start":{"line":73,"column":16},"end":{"line":73,"column":33}},"24":{"start":{"line":74,"column":2},"end":{"line":74,"column":62}},"25":{"start":{"line":74,"column":38},"end":{"line":74,"column":60}}},"fnMap":{"0":{"name":"leerLista","decl":{"start":{"line":19,"column":15},"end":{"line":19,"column":24}},"loc":{"start":{"line":19,"column":52},"end":{"line":30,"column":1}},"line":19},"1":{"name":"moverFotoAArchivoPersistente","decl":{"start":{"line":33,"column":15},"end":{"line":33,"column":43}},"loc":{"start":{"line":33,"column":87},"end":{"line":48,"column":1}},"line":33},"2":{"name":"guardarAvistamiento","decl":{"start":{"line":54,"column":22},"end":{"line":54,"column":41}},"loc":{"start":{"line":54,"column":85},"end":{"line":60,"column":1}},"line":54},"3":{"name":"leerAvistamientos","decl":{"start":{"line":67,"column":22},"end":{"line":67,"column":39}},"loc":{"start":{"line":67,"column":67},"end":{"line":69,"column":1}},"line":67},"4":{"name":"leerAvistamientoPorId","decl":{"start":{"line":72,"column":22},"end":{"line":72,"column":43}},"loc":{"start":{"line":72,"column":91},"end":{"line":75,"column":1}},"line":72},"5":{"name":"(anonymous_5)","decl":{"start":{"line":74,"column":20},"end":{"line":74,"column":21}},"loc":{"start":{"line":74,"column":38},"end":{"line":74,"column":60}},"line":74}},"branchMap":{"0":{"loc":{"start":{"line":21,"column":2},"end":{"line":23,"column":3}},"type":"if","locations":[{"start":{"line":21,"column":2},"end":{"line":23,"column":3}},{"start":{},"end":{}}],"line":21},"1":{"loc":{"start":{"line":26,"column":11},"end":{"line":26,"column":44}},"type":"cond-expr","locations":[{"start":{"line":26,"column":34},"end":{"line":26,"column":39}},{"start":{"line":26,"column":42},"end":{"line":26,"column":44}}],"line":26},"2":{"loc":{"start":{"line":35,"column":2},"end":{"line":37,"column":3}},"type":"if","locations":[{"start":{"line":35,"column":2},"end":{"line":37,"column":3}},{"start":{},"end":{}}],"line":35},"3":{"loc":{"start":{"line":35,"column":6},"end":{"line":35,"column":101}},"type":"binary-expr","locations":[{"start":{"line":35,"column":6},"end":{"line":35,"column":46}},{"start":{"line":35,"column":50},"end":{"line":35,"column":101}}],"line":35},"4":{"loc":{"start":{"line":43,"column":20},"end":{"line":43,"column":46}},"type":"binary-expr","locations":[{"start":{"line":43,"column":20},"end":{"line":43,"column":36}},{"start":{"line":43,"column":40},"end":{"line":43,"column":46}}],"line":43}},"s":{"0":1,"1":1,"2":11,"3":11,"4":5,"5":6,"6":6,"7":5,"8":1,"9":5,"10":2,"11":3,"12":3,"13":3,"14":3,"15":3,"16":3,"17":3,"18":5,"19":5,"20":5,"21":5,"22":4,"23":2,"24":2,"25":3},"f":{"0":11,"1":5,"2":5,"3":4,"4":2,"5":3},"b":{"0":[5,6],"1":[4,1],"2":[2,3],"3":[5,4],"4":[3,1]},"_coverageSchema":"1a1c01bbd47fc00a2c39e90264f33305004495a9","hash":"8575717154f21314b47f999a554a10f36cccdebd"}
,"D:\\_INSTITUTO SAN SEBASTIAN\\6to Trimestre\\Aplicaciones Moviles\\ex\\modelo\\clima.ts": {"path":"D:\\_INSTITUTO SAN SEBASTIAN\\6to Trimestre\\Aplicaciones Moviles\\ex\\modelo\\clima.ts","statementMap":{"0":{"start":{"line":21,"column":39},"end":{"line":32,"column":1}},"1":{"start":{"line":34,"column":36},"end":{"line":34,"column":86}},"2":{"start":{"line":38,"column":16},"end":{"line":38,"column":77}},"3":{"start":{"line":38,"column":38},"end":{"line":38,"column":76}},"4":{"start":{"line":39,"column":2},"end":{"line":39,"column":82}}},"fnMap":{"0":{"name":"traducirCodigoWmo","decl":{"start":{"line":37,"column":16},"end":{"line":37,"column":33}},"loc":{"start":{"line":37,"column":66},"end":{"line":40,"column":1}},"line":37},"1":{"name":"(anonymous_1)","decl":{"start":{"line":38,"column":31},"end":{"line":38,"column":32}},"loc":{"start":{"line":38,"column":38},"end":{"line":38,"column":76}},"line":38}},"branchMap":{"0":{"loc":{"start":{"line":38,"column":38},"end":{"line":38,"column":76}},"type":"binary-expr","locations":[{"start":{"line":38,"column":38},"end":{"line":38,"column":55}},{"start":{"line":38,"column":59},"end":{"line":38,"column":76}}],"line":38},"1":{"loc":{"start":{"line":39,"column":9},"end":{"line":39,"column":81}},"type":"cond-expr","locations":[{"start":{"line":39,"column":17},"end":{"line":39,"column":67}},{"start":{"line":39,"column":70},"end":{"line":39,"column":81}}],"line":39}},"s":{"0":3,"1":3,"2":32,"3":226,"4":32},"f":{"0":32,"1":226},"b":{"0":[226,188],"1":[23,9]},"_coverageSchema":"1a1c01bbd47fc00a2c39e90264f33305004495a9","hash":"4e9dd9dfb31883346314740bd6baf64b25101841"}
,"D:\\_INSTITUTO SAN SEBASTIAN\\6to Trimestre\\Aplicaciones Moviles\\ex\\modelo\\validacion.ts": {"path":"D:\\_INSTITUTO SAN SEBASTIAN\\6to Trimestre\\Aplicaciones Moviles\\ex\\modelo\\validacion.ts","statementMap":{"0":{"start":{"line":11,"column":37},"end":{"line":11,"column":39}},"1":{"start":{"line":13,"column":2},"end":{"line":15,"column":3}},"2":{"start":{"line":14,"column":4},"end":{"line":14,"column":64}},"3":{"start":{"line":17,"column":2},"end":{"line":19,"column":3}},"4":{"start":{"line":18,"column":4},"end":{"line":18,"column":107}},"5":{"start":{"line":21,"column":17},"end":{"line":21,"column":39}},"6":{"start":{"line":22,"column":2},"end":{"line":26,"column":3}},"7":{"start":{"line":23,"column":4},"end":{"line":23,"column":72}},"8":{"start":{"line":24,"column":9},"end":{"line":26,"column":3}},"9":{"start":{"line":25,"column":4},"end":{"line":25,"column":66}},"10":{"start":{"line":28,"column":19},"end":{"line":28,"column":51}},"11":{"start":{"line":29,"column":25},"end":{"line":29,"column":45}},"12":{"start":{"line":30,"column":2},"end":{"line":32,"column":3}},"13":{"start":{"line":31,"column":4},"end":{"line":31,"column":82}},"14":{"start":{"line":34,"column":2},"end":{"line":34,"column":17}}},"fnMap":{"0":{"name":"validarAvistamiento","decl":{"start":{"line":10,"column":16},"end":{"line":10,"column":35}},"loc":{"start":{"line":10,"column":87},"end":{"line":35,"column":1}},"line":10}},"branchMap":{"0":{"loc":{"start":{"line":13,"column":2},"end":{"line":15,"column":3}},"type":"if","locations":[{"start":{"line":13,"column":2},"end":{"line":15,"column":3}},{"start":{},"end":{}}],"line":13},"1":{"loc":{"start":{"line":17,"column":2},"end":{"line":19,"column":3}},"type":"if","locations":[{"start":{"line":17,"column":2},"end":{"line":19,"column":3}},{"start":{},"end":{}}],"line":17},"2":{"loc":{"start":{"line":22,"column":2},"end":{"line":26,"column":3}},"type":"if","locations":[{"start":{"line":22,"column":2},"end":{"line":26,"column":3}},{"start":{"line":24,"column":9},"end":{"line":26,"column":3}}],"line":22},"3":{"loc":{"start":{"line":24,"column":9},"end":{"line":26,"column":3}},"type":"if","locations":[{"start":{"line":24,"column":9},"end":{"line":26,"column":3}},{"start":{},"end":{}}],"line":24},"4":{"loc":{"start":{"line":30,"column":2},"end":{"line":32,"column":3}},"type":"if","locations":[{"start":{"line":30,"column":2},"end":{"line":32,"column":3}},{"start":{},"end":{}}],"line":30},"5":{"loc":{"start":{"line":30,"column":6},"end":{"line":30,"column":75}},"type":"binary-expr","locations":[{"start":{"line":30,"column":6},"end":{"line":30,"column":28}},{"start":{"line":30,"column":32},"end":{"line":30,"column":59}},{"start":{"line":30,"column":63},"end":{"line":30,"column":75}}],"line":30}},"s":{"0":19,"1":19,"2":3,"3":19,"4":3,"5":19,"6":19,"7":2,"8":17,"9":1,"10":19,"11":19,"12":19,"13":4,"14":19},"f":{"0":19},"b":{"0":[3,16],"1":[3,16],"2":[2,17],"3":[1,16],"4":[4,15],"5":[19,18,17]},"_coverageSchema":"1a1c01bbd47fc00a2c39e90264f33305004495a9","hash":"8dde288ca9336e97ad6c5be161306753008f523f"}
,"D:\\_INSTITUTO SAN SEBASTIAN\\6to Trimestre\\Aplicaciones Moviles\\ex\\vista\\formato.ts": {"path":"D:\\_INSTITUTO SAN SEBASTIAN\\6to Trimestre\\Aplicaciones Moviles\\ex\\vista\\formato.ts","statementMap":{"0":{"start":{"line":9,"column":16},"end":{"line":9,"column":29}},"1":{"start":{"line":10,"column":2},"end":{"line":10,"column":54}},"2":{"start":{"line":13,"column":19},"end":{"line":13,"column":60}},"3":{"start":{"line":13,"column":34},"end":{"line":13,"column":60}},"4":{"start":{"line":17,"column":2},"end":{"line":19,"column":3}},"5":{"start":{"line":18,"column":4},"end":{"line":18,"column":15}},"6":{"start":{"line":20,"column":16},"end":{"line":20,"column":29}},"7":{"start":{"line":21,"column":2},"end":{"line":21,"column":101}},"8":{"start":{"line":26,"column":2},"end":{"line":28,"column":3}},"9":{"start":{"line":27,"column":4},"end":{"line":27,"column":15}},"10":{"start":{"line":29,"column":16},"end":{"line":29,"column":29}},"11":{"start":{"line":30,"column":2},"end":{"line":30,"column":77}},"12":{"start":{"line":35,"column":2},"end":{"line":37,"column":3}},"13":{"start":{"line":36,"column":4},"end":{"line":36,"column":15}},"14":{"start":{"line":38,"column":2},"end":{"line":38,"column":56}}},"fnMap":{"0":{"name":"descomponerFecha","decl":{"start":{"line":8,"column":9},"end":{"line":8,"column":25}},"loc":{"start":{"line":8,"column":52},"end":{"line":11,"column":1}},"line":8},"1":{"name":"(anonymous_1)","decl":{"start":{"line":13,"column":19},"end":{"line":13,"column":20}},"loc":{"start":{"line":13,"column":34},"end":{"line":13,"column":60}},"line":13},"2":{"name":"formatearFecha","decl":{"start":{"line":16,"column":16},"end":{"line":16,"column":30}},"loc":{"start":{"line":16,"column":52},"end":{"line":22,"column":1}},"line":16},"3":{"name":"formatearHora","decl":{"start":{"line":25,"column":16},"end":{"line":25,"column":29}},"loc":{"start":{"line":25,"column":51},"end":{"line":31,"column":1}},"line":25},"4":{"name":"formatearFechaLegible","decl":{"start":{"line":34,"column":16},"end":{"line":34,"column":37}},"loc":{"start":{"line":34,"column":59},"end":{"line":39,"column":1}},"line":34}},"branchMap":{"0":{"loc":{"start":{"line":10,"column":9},"end":{"line":10,"column":53}},"type":"cond-expr","locations":[{"start":{"line":10,"column":41},"end":{"line":10,"column":45}},{"start":{"line":10,"column":48},"end":{"line":10,"column":53}}],"line":10},"1":{"loc":{"start":{"line":17,"column":2},"end":{"line":19,"column":3}},"type":"if","locations":[{"start":{"line":17,"column":2},"end":{"line":19,"column":3}},{"start":{},"end":{}}],"line":17},"2":{"loc":{"start":{"line":26,"column":2},"end":{"line":28,"column":3}},"type":"if","locations":[{"start":{"line":26,"column":2},"end":{"line":28,"column":3}},{"start":{},"end":{}}],"line":26},"3":{"loc":{"start":{"line":35,"column":2},"end":{"line":37,"column":3}},"type":"if","locations":[{"start":{"line":35,"column":2},"end":{"line":37,"column":3}},{"start":{},"end":{}}],"line":35}},"s":{"0":16,"1":16,"2":1,"3":12,"4":6,"5":3,"6":3,"7":3,"8":6,"9":3,"10":3,"11":3,"12":4,"13":3,"14":1},"f":{"0":16,"1":12,"2":6,"3":6,"4":4},"b":{"0":[9,7],"1":[3,3],"2":[3,3],"3":[3,1]},"_coverageSchema":"1a1c01bbd47fc00a2c39e90264f33305004495a9","hash":"311eba3a93661139bea7bf6303ee58dd01403ffd"}
,"D:\\_INSTITUTO SAN SEBASTIAN\\6to Trimestre\\Aplicaciones Moviles\\ex\\vista\\tema.ts": {"path":"D:\\_INSTITUTO SAN SEBASTIAN\\6to Trimestre\\Aplicaciones Moviles\\ex\\vista\\tema.ts","statementMap":{"0":{"start":{"line":10,"column":21},"end":{"line":32,"column":10}},"1":{"start":{"line":35,"column":28},"end":{"line":42,"column":10}},"2":{"start":{"line":50,"column":26},"end":{"line":63,"column":10}},"3":{"start":{"line":65,"column":22},"end":{"line":78,"column":10}},"4":{"start":{"line":86,"column":49},"end":{"line":105,"column":10}},"5":{"start":{"line":107,"column":22},"end":{"line":284,"column":2}}},"fnMap":{},"branchMap":{},"s":{"0":1,"1":1,"2":1,"3":1,"4":1,"5":1},"f":{},"b":{},"_coverageSchema":"1a1c01bbd47fc00a2c39e90264f33305004495a9","hash":"d0fcb056214554c69e44e68f4be07489b971a662"}
}
