TN:
SF:controlador\ControladorDetalle.ts
FN:12,cargarAvistamientoPorId
FN:22,resolverLugar
FNF:2
FNH:2
FNDA:2,cargarAvistamientoPorId
FNDA:3,resolverLugar
DA:13,2
DA:23,3
DA:24,1
DA:26,2
LF:4
LH:4
BRDA:23,0,0,1
BRDA:23,0,1,2
BRF:2
BRH:2
end_of_record
TN:
SF:controlador\ControladorListado.ts
FN:10,cargarAvistamientos
FN:12,(anonymous_1)
FN:20,filtrarPorNombre
FN:25,(anonymous_3)
FN:29,fechaEnMilisegundos
FNF:5
FNH:5
FNDA:3,cargarAvistamientos
FNDA:5,(anonymous_1)
FNDA:7,filtrarPorNombre
FNDA:10,(anonymous_3)
FNDA:10,fechaEnMilisegundos
DA:11,3
DA:12,5
DA:13,3
DA:21,7
DA:22,7
DA:23,2
DA:25,10
DA:30,10
DA:31,10
LF:9
LH:9
BRDA:22,0,0,2
BRDA:22,0,1,5
BRDA:31,1,0,1
BRDA:31,1,1,9
BRF:4
BRH:4
end_of_record
TN:
SF:controlador\ControladorRegistro.ts
FN:22,guardarRegistro
FNF:1
FNH:1
FNDA:5,guardarRegistro
DA:23,5
DA:24,5
DA:25,1
DA:29,4
DA:43,4
DA:44,4
DA:45,3
DA:47,1
LF:8
LH:8
BRDA:24,0,0,1
BRDA:24,0,1,4
BRDA:38,1,0,3
BRDA:38,1,1,1
BRDA:40,2,0,1
BRDA:40,2,1,3
BRF:6
BRH:6
end_of_record
TN:
SF:controlador\camara.ts
FN:19,garantizarAccesoCamara
FN:34,tomarFoto
FNF:2
FNH:2
FNDA:3,garantizarAccesoCamara
FNDA:1,tomarFoto
DA:12,1
DA:20,3
DA:21,3
DA:22,1
DA:24,2
DA:25,2
DA:26,1
DA:35,1
LF:8
LH:8
BRDA:21,0,0,1
BRDA:21,0,1,2
BRDA:25,1,0,1
BRDA:25,1,1,1
BRF:4
BRH:4
end_of_record
TN:
SF:controlador\ubicacion.ts
FN:23,capturarCoordenadas
FN:47,conTiempoMaximo
FN:50,(anonymous_2)
FN:51,(anonymous_3)
FN:65,obtenerLugarLegible
FN:86,formatearDireccion
FN:101,(anonymous_6)
FNF:7
FNH:7
FNDA:4,capturarCoordenadas
FNDA:10,conTiempoMaximo
FNDA:10,(anonymous_2)
FNDA:2,(anonymous_3)
FNDA:6,obtenerLugarLegible
FNDA:3,formatearDireccion
FNDA:6,(anonymous_6)
DA:14,1
DA:16,1
DA:24,4
DA:25,4
DA:26,2
DA:27,2
DA:28,1
DA:35,3
DA:39,2
DA:48,10
DA:51,10
DA:66,6
DA:67,6
DA:68,6
DA:69,1
DA:71,5
DA:75,3
DA:77,2
DA:87,3
DA:88,1
DA:90,2
DA:91,1
DA:93,1
DA:94,1
DA:101,6
DA:102,1
LF:26
LH:26
BRDA:25,0,0,2
BRDA:25,0,1,2
BRDA:27,1,0,1
BRDA:27,1,1,1
BRDA:68,2,0,1
BRDA:68,2,1,5
BRDA:87,3,0,1
BRDA:87,3,1,2
BRDA:90,4,0,1
BRDA:90,4,1,1
BRDA:102,5,0,1
BRDA:102,5,1,0
BRF:12
BRH:11
end_of_record
TN:
SF:modelo\Avistamiento.ts
FN:55,nuevaFechaLocal
FN:59,nuevaId
FNF:2
FNH:2
FNDA:5,nuevaFechaLocal
FNDA:204,nuevaId
DA:56,5
DA:60,204
LF:2
LH:2
BRF:0
BRH:0
end_of_record
TN:
SF:modelo\ClimaApi.ts
FN:34,claveUbicacion
FN:39,leerCache
FN:58,construirClima
FN:84,pedirALaApi
FN:86,(anonymous_4)
FN:109,consultarClima
FNF:6
FNH:5
FNDA:8,claveUbicacion
FNDA:8,leerCache
FNDA:14,construirClima
FNDA:10,pedirALaApi
FNDA:0,(anonymous_4)
FNDA:8,consultarClima
DA:19,2
DA:20,2
DA:21,2
DA:22,2
DA:23,2
DA:35,8
DA:40,8
DA:41,8
DA:42,7
DA:43,5
DA:45,2
DA:46,2
DA:47,2
DA:49,1
DA:59,14
DA:60,14
DA:66,9
DA:68,5
DA:69,5
DA:85,10
DA:86,10
DA:88,10
DA:90,10
DA:91,10
DA:92,8
DA:93,2
DA:95,6
DA:96,6
DA:98,2
DA:100,10
DA:110,8
DA:112,8
DA:113,8
DA:114,1
DA:117,7
DA:118,10
DA:119,10
DA:120,4
DA:121,4
DA:125,4
DA:128,3
LF:41
LH:41
BRDA:42,0,0,5
BRDA:42,0,1,2
BRDA:47,1,0,1
BRDA:47,1,1,1
BRDA:60,2,0,9
BRDA:60,2,1,5
BRDA:61,3,0,14
BRDA:61,3,1,11
BRDA:61,3,2,7
BRDA:61,3,3,6
BRDA:92,4,0,2
BRDA:92,4,1,6
BRDA:113,5,0,1
BRDA:113,5,1,7
BRDA:119,6,0,4
BRDA:119,6,1,6
BRF:16
BRH:16
end_of_record
TN:
SF:modelo\RepositoryAvistamientos.ts
FN:19,leerLista
FN:33,moverFotoAArchivoPersistente
FN:54,guardarAvistamiento
FN:67,leerAvistamientos
FN:72,leerAvistamientoPorId
FN:74,(anonymous_5)
FNF:6
FNH:6
FNDA:11,leerLista
FNDA:5,moverFotoAArchivoPersistente
FNDA:5,guardarAvistamiento
FNDA:4,leerAvistamientos
FNDA:2,leerAvistamientoPorId
FNDA:3,(anonymous_5)
DA:16,1
DA:17,1
DA:20,11
DA:21,11
DA:22,5
DA:24,6
DA:25,6
DA:26,5
DA:28,1
DA:35,5
DA:36,2
DA:39,3
DA:40,3
DA:42,3
DA:43,3
DA:44,3
DA:46,3
DA:47,3
DA:55,5
DA:57,5
DA:58,5
DA:59,5
DA:68,4
DA:73,2
DA:74,3
LF:25
LH:25
BRDA:21,0,0,5
BRDA:21,0,1,6
BRDA:26,1,0,4
BRDA:26,1,1,1
BRDA:35,2,0,2
BRDA:35,2,1,3
BRDA:35,3,0,5
BRDA:35,3,1,4
BRDA:43,4,0,3
BRDA:43,4,1,1
BRF:10
BRH:10
end_of_record
TN:
SF:modelo\clima.ts
FN:37,traducirCodigoWmo
FN:38,(anonymous_1)
FNF:2
FNH:2
FNDA:32,traducirCodigoWmo
FNDA:226,(anonymous_1)
DA:21,3
DA:34,3
DA:38,226
DA:39,32
LF:4
LH:4
BRDA:38,0,0,226
BRDA:38,0,1,188
BRDA:39,1,0,23
BRDA:39,1,1,9
BRF:4
BRH:4
end_of_record
TN:
SF:modelo\validacion.ts
FN:10,validarAvistamiento
FNF:1
FNH:1
FNDA:19,validarAvistamiento
DA:11,19
DA:13,19
DA:14,3
DA:17,19
DA:18,3
DA:21,19
DA:22,19
DA:23,2
DA:24,17
DA:25,1
DA:28,19
DA:29,19
DA:30,19
DA:31,4
DA:34,19
LF:15
LH:15
BRDA:13,0,0,3
BRDA:13,0,1,16
BRDA:17,1,0,3
BRDA:17,1,1,16
BRDA:22,2,0,2
BRDA:22,2,1,17
BRDA:24,3,0,1
BRDA:24,3,1,16
BRDA:30,4,0,4
BRDA:30,4,1,15
BRDA:30,5,0,19
BRDA:30,5,1,18
BRDA:30,5,2,17
BRF:13
BRH:13
end_of_record
TN:
SF:vista\formato.ts
FN:8,descomponerFecha
FN:13,(anonymous_1)
FN:16,formatearFecha
FN:25,formatearHora
FN:34,formatearFechaLegible
FNF:5
FNH:5
FNDA:16,descomponerFecha
FNDA:12,(anonymous_1)
FNDA:6,formatearFecha
FNDA:6,formatearHora
FNDA:4,formatearFechaLegible
DA:9,16
DA:10,16
DA:13,12
DA:17,6
DA:18,3
DA:20,3
DA:21,3
DA:26,6
DA:27,3
DA:29,3
DA:30,3
DA:35,4
DA:36,3
DA:38,1
LF:14
LH:14
BRDA:10,0,0,9
BRDA:10,0,1,7
BRDA:17,1,0,3
BRDA:17,1,1,3
BRDA:26,2,0,3
BRDA:26,2,1,3
BRDA:35,3,0,3
BRDA:35,3,1,1
BRF:8
BRH:8
end_of_record
TN:
SF:vista\tema.ts
FNF:0
FNH:0
DA:10,1
DA:35,1
DA:50,1
DA:65,1
DA:86,1
DA:107,1
LF:6
LH:6
BRF:0
BRH:0
end_of_record
